<?xml version="1.0" encoding="UTF-8"?>
<!-- Generated by org.testng.reporters.JUnitXMLReporter -->
<testsuite ignored="0" hostname="LAPTOP-NO2S31L5" failures="1" tests="1" name="TestTwo" time="18.394" errors="0" timestamp="2021-10-18T21:31:04 IST">
  <testcase classname="tests.TwoTest" name="testtwo" time="17.831">
    <failure type="java.lang.AssertionError" message="expected [true] but found [false]">
      <![CDATA[java.lang.AssertionError: expected [true] but found [false]
at tests.TwoTest.testtwo(TwoTest.java:26)
at java.base/java.util.ArrayList.forEach(ArrayList.java:1541)
at java.base/java.util.concurrent.FutureTask.run(FutureTask.java:264)
at java.base/java.util.concurrent.ThreadPoolExecutor.runWorker(ThreadPoolExecutor.java:1128)
at java.base/java.util.concurrent.ThreadPoolExecutor$Worker.run(ThreadPoolExecutor.java:628)
at java.base/java.lang.Thread.run(Thread.java:834)
... Removed 22 stack frames]]>
    </failure>
  </testcase> <!-- testtwo -->
</testsuite> <!-- TestTwo -->
